<?xml version="1.0" encoding="UTF-8"?>
<coverage generated="1691479868231" clover="3.2.0">
  <project timestamp="1691479868231" name="All files">
    <metrics statements="34" coveredstatements="34" conditionals="25" coveredconditionals="23" methods="8" coveredmethods="8" elements="67" coveredelements="65" complexity="0" loc="34" ncloc="34" packages="3" files="5" classes="5"/>
    <package name="contact-form">
      <metrics statements="23" coveredstatements="23" conditionals="22" coveredconditionals="20" methods="3" coveredmethods="3"/>
      <file name="contact-form.jsx" path="C:\Users\ashari\Desktop\Projects\AI-USE-CASE-2\ai-use-case-app\src\contact-form\contact-form.jsx">
        <metrics statements="23" coveredstatements="23" conditionals="22" coveredconditionals="20" methods="3" coveredmethods="3"/>
        <line num="8" count="10" type="stmt"/>
        <line num="10" count="10" type="stmt"/>
        <line num="17" count="10" type="stmt"/>
        <line num="19" count="10" type="stmt"/>
        <line num="20" count="6" type="stmt"/>
        <line num="21" count="6" type="stmt"/>
        <line num="24" count="10" type="stmt"/>
        <line num="25" count="2" type="stmt"/>
        <line num="27" count="2" type="stmt"/>
        <line num="28" count="2" type="cond" truecount="2" falsecount="0"/>
        <line num="29" count="2" type="cond" truecount="2" falsecount="0"/>
        <line num="30" count="2" type="cond" truecount="2" falsecount="0"/>
        <line num="31" count="1" type="stmt"/>
        <line num="32" count="2" type="cond" truecount="2" falsecount="0"/>
        <line num="33" count="1" type="stmt"/>
        <line num="34" count="2" type="cond" truecount="1" falsecount="1"/>
        <line num="36" count="2" type="cond" truecount="2" falsecount="0"/>
        <line num="37" count="1" type="stmt"/>
        <line num="38" count="1" type="stmt"/>
        <line num="41" count="1" type="cond" truecount="1" falsecount="1"/>
        <line num="42" count="1" type="stmt"/>
        <line num="45" count="1" type="stmt"/>
        <line num="48" count="10" type="stmt"/>
      </file>
    </package>
    <package name="user-list">
      <metrics statements="3" coveredstatements="3" conditionals="0" coveredconditionals="0" methods="3" coveredmethods="3"/>
      <file name="user-list.jsx" path="C:\Users\ashari\Desktop\Projects\AI-USE-CASE-2\ai-use-case-app\src\user-list\user-list.jsx">
        <metrics statements="3" coveredstatements="3" conditionals="0" coveredconditionals="0" methods="3" coveredmethods="3"/>
        <line num="6" count="2" type="stmt"/>
        <line num="8" count="1" type="stmt"/>
        <line num="22" count="1" type="stmt"/>
      </file>
    </package>
    <package name="utils">
      <metrics statements="8" coveredstatements="8" conditionals="3" coveredconditionals="3" methods="2" coveredmethods="2"/>
      <file name="actions.js" path="C:\Users\ashari\Desktop\Projects\AI-USE-CASE-2\ai-use-case-app\src\utils\actions.js">
        <metrics statements="1" coveredstatements="1" conditionals="0" coveredconditionals="0" methods="1" coveredmethods="1"/>
        <line num="1" count="1" type="stmt"/>
      </file>
      <file name="reducer.js" path="C:\Users\ashari\Desktop\Projects\AI-USE-CASE-2\ai-use-case-app\src\utils\reducer.js">
        <metrics statements="5" coveredstatements="5" conditionals="3" coveredconditionals="3" methods="1" coveredmethods="1"/>
        <line num="1" count="2" type="stmt"/>
        <line num="5" count="2" type="cond" truecount="1" falsecount="0"/>
        <line num="6" count="8" type="cond" truecount="2" falsecount="0"/>
        <line num="7" count="2" type="stmt"/>
        <line num="12" count="6" type="stmt"/>
      </file>
      <file name="store.js" path="C:\Users\ashari\Desktop\Projects\AI-USE-CASE-2\ai-use-case-app\src\utils\store.js">
        <metrics statements="2" coveredstatements="2" conditionals="0" coveredconditionals="0" methods="0" coveredmethods="0"/>
        <line num="4" count="2" type="stmt"/>
        <line num="8" count="2" type="stmt"/>
      </file>
    </package>
  </project>
</coverage>
