{"C:\\Users\\ashari\\Desktop\\Projects\\AI-USE-CASE-2\\ai-use-case-app\\src\\contact-form\\contact-form.jsx": {"path":"C:\\Users\\ashari\\Desktop\\Projects\\AI-USE-CASE-2\\ai-use-case-app\\src\\contact-form\\contact-form.jsx","statementMap":{"0":{"start":{"line":8,"column":19},"end":{"line":8,"column":32}},"1":{"start":{"line":10,"column":36},"end":{"line":15,"column":4}},"2":{"start":{"line":17,"column":30},"end":{"line":17,"column":42}},"3":{"start":{"line":19,"column":23},"end":{"line":22,"column":3}},"4":{"start":{"line":20,"column":28},"end":{"line":20,"column":36}},"5":{"start":{"line":21,"column":4},"end":{"line":21,"column":50}},"6":{"start":{"line":24,"column":23},"end":{"line":46,"column":3}},"7":{"start":{"line":25,"column":4},"end":{"line":25,"column":23}},"8":{"start":{"line":27,"column":21},"end":{"line":27,"column":23}},"9":{"start":{"line":28,"column":4},"end":{"line":28,"column":78}},"10":{"start":{"line":28,"column":30},"end":{"line":28,"column":78}},"11":{"start":{"line":29,"column":4},"end":{"line":29,"column":75}},"12":{"start":{"line":29,"column":29},"end":{"line":29,"column":75}},"13":{"start":{"line":30,"column":4},"end":{"line":31,"column":46}},"14":{"start":{"line":31,"column":6},"end":{"line":31,"column":46}},"15":{"start":{"line":32,"column":4},"end":{"line":33,"column":73}},"16":{"start":{"line":33,"column":6},"end":{"line":33,"column":73}},"17":{"start":{"line":34,"column":4},"end":{"line":34,"column":71}},"18":{"start":{"line":34,"column":28},"end":{"line":34,"column":71}},"19":{"start":{"line":36,"column":4},"end":{"line":39,"column":5}},"20":{"start":{"line":37,"column":6},"end":{"line":37,"column":28}},"21":{"start":{"line":38,"column":6},"end":{"line":38,"column":13}},"22":{"start":{"line":41,"column":4},"end":{"line":43,"column":5}},"23":{"start":{"line":42,"column":6},"end":{"line":42,"column":46}},"24":{"start":{"line":45,"column":4},"end":{"line":45,"column":37}},"25":{"start":{"line":48,"column":2},"end":{"line":129,"column":4}}},"fnMap":{"0":{"name":"ContactForm","decl":{"start":{"line":7,"column":9},"end":{"line":7,"column":20}},"loc":{"start":{"line":7,"column":23},"end":{"line":130,"column":1}},"line":7},"1":{"name":"(anonymous_1)","decl":{"start":{"line":19,"column":23},"end":{"line":19,"column":24}},"loc":{"start":{"line":19,"column":30},"end":{"line":22,"column":3}},"line":19},"2":{"name":"(anonymous_2)","decl":{"start":{"line":24,"column":23},"end":{"line":24,"column":24}},"loc":{"start":{"line":24,"column":30},"end":{"line":46,"column":3}},"line":24}},"branchMap":{"0":{"loc":{"start":{"line":28,"column":4},"end":{"line":28,"column":78}},"type":"if","locations":[{"start":{"line":28,"column":4},"end":{"line":28,"column":78}},{"start":{},"end":{}}],"line":28},"1":{"loc":{"start":{"line":29,"column":4},"end":{"line":29,"column":75}},"type":"if","locations":[{"start":{"line":29,"column":4},"end":{"line":29,"column":75}},{"start":{},"end":{}}],"line":29},"2":{"loc":{"start":{"line":30,"column":4},"end":{"line":31,"column":46}},"type":"if","locations":[{"start":{"line":30,"column":4},"end":{"line":31,"column":46}},{"start":{},"end":{}}],"line":30},"3":{"loc":{"start":{"line":32,"column":4},"end":{"line":33,"column":73}},"type":"if","locations":[{"start":{"line":32,"column":4},"end":{"line":33,"column":73}},{"start":{},"end":{}}],"line":32},"4":{"loc":{"start":{"line":34,"column":4},"end":{"line":34,"column":71}},"type":"if","locations":[{"start":{"line":34,"column":4},"end":{"line":34,"column":71}},{"start":{},"end":{}}],"line":34},"5":{"loc":{"start":{"line":36,"column":4},"end":{"line":39,"column":5}},"type":"if","locations":[{"start":{"line":36,"column":4},"end":{"line":39,"column":5}},{"start":{},"end":{}}],"line":36},"6":{"loc":{"start":{"line":41,"column":4},"end":{"line":43,"column":5}},"type":"if","locations":[{"start":{"line":41,"column":4},"end":{"line":43,"column":5}},{"start":{},"end":{}}],"line":41},"7":{"loc":{"start":{"line":64,"column":13},"end":{"line":66,"column":13}},"type":"binary-expr","locations":[{"start":{"line":64,"column":13},"end":{"line":64,"column":29}},{"start":{"line":65,"column":14},"end":{"line":65,"column":70}}],"line":64},"8":{"loc":{"start":{"line":79,"column":13},"end":{"line":81,"column":13}},"type":"binary-expr","locations":[{"start":{"line":79,"column":13},"end":{"line":79,"column":28}},{"start":{"line":80,"column":14},"end":{"line":80,"column":69}}],"line":79},"9":{"loc":{"start":{"line":96,"column":13},"end":{"line":98,"column":13}},"type":"binary-expr","locations":[{"start":{"line":96,"column":13},"end":{"line":96,"column":25}},{"start":{"line":97,"column":14},"end":{"line":97,"column":66}}],"line":96},"10":{"loc":{"start":{"line":115,"column":13},"end":{"line":117,"column":13}},"type":"binary-expr","locations":[{"start":{"line":115,"column":13},"end":{"line":115,"column":27}},{"start":{"line":116,"column":14},"end":{"line":116,"column":68}}],"line":115}},"s":{"0":10,"1":10,"2":10,"3":10,"4":6,"5":6,"6":10,"7":2,"8":2,"9":2,"10":1,"11":2,"12":1,"13":2,"14":1,"15":2,"16":1,"17":2,"18":0,"19":2,"20":1,"21":1,"22":1,"23":1,"24":1,"25":10},"f":{"0":10,"1":6,"2":2},"b":{"0":[1,1],"1":[1,1],"2":[1,1],"3":[1,1],"4":[0,2],"5":[1,1],"6":[1,0],"7":[10,1],"8":[10,1],"9":[10,1],"10":[10,1]},"_coverageSchema":"1a1c01bbd47fc00a2c39e90264f33305004495a9","hash":"c3ae4cd7a409e5004cfc112a4b802f98bfd54627"}
,"C:\\Users\\ashari\\Desktop\\Projects\\AI-USE-CASE-2\\ai-use-case-app\\src\\user-list\\user-list.jsx": {"path":"C:\\Users\\ashari\\Desktop\\Projects\\AI-USE-CASE-2\\ai-use-case-app\\src\\user-list\\user-list.jsx","statementMap":{"0":{"start":{"line":6,"column":16},"end":{"line":6,"column":56}},"1":{"start":{"line":6,"column":39},"end":{"line":6,"column":55}},"2":{"start":{"line":8,"column":2},"end":{"line":32,"column":4}},"3":{"start":{"line":22,"column":12},"end":{"line":27,"column":17}}},"fnMap":{"0":{"name":"UserList","decl":{"start":{"line":5,"column":9},"end":{"line":5,"column":17}},"loc":{"start":{"line":5,"column":20},"end":{"line":33,"column":1}},"line":5},"1":{"name":"(anonymous_1)","decl":{"start":{"line":6,"column":28},"end":{"line":6,"column":29}},"loc":{"start":{"line":6,"column":39},"end":{"line":6,"column":55}},"line":6},"2":{"name":"(anonymous_2)","decl":{"start":{"line":21,"column":21},"end":{"line":21,"column":22}},"loc":{"start":{"line":22,"column":12},"end":{"line":27,"column":17}},"line":22}},"branchMap":{},"s":{"0":1,"1":2,"2":1,"3":1},"f":{"0":1,"1":2,"2":1},"b":{},"_coverageSchema":"1a1c01bbd47fc00a2c39e90264f33305004495a9","hash":"24485826d5d5e719a7835ca24a4560cf48e13872"}
,"C:\\Users\\ashari\\Desktop\\Projects\\AI-USE-CASE-2\\ai-use-case-app\\src\\utils\\actions.js": {"path":"C:\\Users\\ashari\\Desktop\\Projects\\AI-USE-CASE-2\\ai-use-case-app\\src\\utils\\actions.js","statementMap":{"0":{"start":{"line":1,"column":27},"end":{"line":4,"column":2}},"1":{"start":{"line":1,"column":42},"end":{"line":4,"column":1}}},"fnMap":{"0":{"name":"(anonymous_0)","decl":{"start":{"line":1,"column":27},"end":{"line":1,"column":28}},"loc":{"start":{"line":1,"column":42},"end":{"line":4,"column":1}},"line":1}},"branchMap":{},"s":{"0":1,"1":1},"f":{"0":1},"b":{},"_coverageSchema":"1a1c01bbd47fc00a2c39e90264f33305004495a9","hash":"6376caca7d809ada35f29dfe902eb0298778749d"}
,"C:\\Users\\ashari\\Desktop\\Projects\\AI-USE-CASE-2\\ai-use-case-app\\src\\utils\\reducer.js": {"path":"C:\\Users\\ashari\\Desktop\\Projects\\AI-USE-CASE-2\\ai-use-case-app\\src\\utils\\reducer.js","statementMap":{"0":{"start":{"line":1,"column":21},"end":{"line":3,"column":1}},"1":{"start":{"line":5,"column":20},"end":{"line":14,"column":1}},"2":{"start":{"line":6,"column":2},"end":{"line":13,"column":3}},"3":{"start":{"line":7,"column":4},"end":{"line":10,"column":6}},"4":{"start":{"line":12,"column":4},"end":{"line":12,"column":17}}},"fnMap":{"0":{"name":"(anonymous_0)","decl":{"start":{"line":5,"column":20},"end":{"line":5,"column":21}},"loc":{"start":{"line":5,"column":54},"end":{"line":14,"column":1}},"line":5}},"branchMap":{"0":{"loc":{"start":{"line":5,"column":21},"end":{"line":5,"column":41}},"type":"default-arg","locations":[{"start":{"line":5,"column":29},"end":{"line":5,"column":41}}],"line":5},"1":{"loc":{"start":{"line":6,"column":2},"end":{"line":13,"column":3}},"type":"if","locations":[{"start":{"line":6,"column":2},"end":{"line":13,"column":3}},{"start":{"line":11,"column":9},"end":{"line":13,"column":3}}],"line":6}},"s":{"0":2,"1":2,"2":8,"3":2,"4":6},"f":{"0":8},"b":{"0":[6],"1":[2,6]},"_coverageSchema":"1a1c01bbd47fc00a2c39e90264f33305004495a9","hash":"9c79c8681f4765d9b10aa7a0e265b0f4d383083c"}
,"C:\\Users\\ashari\\Desktop\\Projects\\AI-USE-CASE-2\\ai-use-case-app\\src\\utils\\store.js": {"path":"C:\\Users\\ashari\\Desktop\\Projects\\AI-USE-CASE-2\\ai-use-case-app\\src\\utils\\store.js","statementMap":{"0":{"start":{"line":4,"column":20},"end":{"line":6,"column":2}},"1":{"start":{"line":8,"column":14},"end":{"line":8,"column":38}}},"fnMap":{},"branchMap":{},"s":{"0":2,"1":2},"f":{},"b":{},"_coverageSchema":"1a1c01bbd47fc00a2c39e90264f33305004495a9","hash":"10484258eab8ac3020b5180df34ff952b0e732ce"}
}
