TN:
SF:src\App.js
FN:9,App
FN:18,(anonymous_1)
FN:23,(anonymous_2)
FNF:3
FNH:3
FNDA:3,App
FNDA:1,(anonymous_1)
FNDA:1,(anonymous_2)
DA:10,3
DA:12,3
DA:18,1
DA:23,1
LF:4
LH:4
BRDA:15,0,0,2
BRDA:15,0,1,1
BRF:2
BRH:2
end_of_record
TN:
SF:src\contact-form\contact-form.jsx
FN:7,ContactForm
FN:19,(anonymous_1)
FN:24,(anonymous_2)
FNF:3
FNH:3
FNDA:12,ContactForm
FNDA:6,(anonymous_1)
FNDA:2,(anonymous_2)
DA:8,12
DA:10,12
DA:17,12
DA:19,12
DA:20,6
DA:21,6
DA:24,12
DA:25,2
DA:27,2
DA:28,2
DA:29,2
DA:30,2
DA:31,1
DA:32,2
DA:33,1
DA:34,2
DA:36,2
DA:37,1
DA:38,1
DA:41,1
DA:42,1
DA:45,1
DA:48,12
LF:23
LH:23
BRDA:28,0,0,1
BRDA:28,0,1,1
BRDA:29,1,0,1
BRDA:29,1,1,1
BRDA:30,2,0,1
BRDA:30,2,1,1
BRDA:32,3,0,1
BRDA:32,3,1,1
BRDA:34,4,0,0
BRDA:34,4,1,2
BRDA:36,5,0,1
BRDA:36,5,1,1
BRDA:41,6,0,1
BRDA:41,6,1,0
BRDA:64,7,0,12
BRDA:64,7,1,1
BRDA:79,8,0,12
BRDA:79,8,1,1
BRDA:96,9,0,12
BRDA:96,9,1,1
BRDA:115,10,0,12
BRDA:115,10,1,1
BRF:22
BRH:20
end_of_record
TN:
SF:src\user-list\user-list.jsx
FN:5,UserList
FN:6,(anonymous_1)
FN:21,(anonymous_2)
FNF:3
FNH:3
FNDA:2,UserList
FNDA:4,(anonymous_1)
FNDA:1,(anonymous_2)
DA:6,4
DA:8,2
DA:22,1
LF:3
LH:3
BRF:0
BRH:0
end_of_record
TN:
SF:src\utils\actions.js
FN:1,(anonymous_0)
FNF:1
FNH:1
FNDA:1,(anonymous_0)
DA:1,2
LF:1
LH:1
BRF:0
BRH:0
end_of_record
TN:
SF:src\utils\reducer.js
FN:5,(anonymous_0)
FNF:1
FNH:1
FNDA:11,(anonymous_0)
DA:1,3
DA:5,3
DA:6,11
DA:7,2
DA:12,9
LF:5
LH:5
BRDA:5,0,0,9
BRDA:6,1,0,2
BRDA:6,1,1,9
BRF:3
BRH:3
end_of_record
TN:
SF:src\utils\store.js
FNF:0
FNH:0
DA:4,3
DA:8,3
LF:2
LH:2
BRF:0
BRH:0
end_of_record
